This is pdfTeX, Version 3.141592653-2.6-1.40.27 (TeX Live 2025) (preloaded format=pdflatex 2025.3.8)  25 JUL 2025 13:52
entering extended mode
 restricted \write18 enabled.
 %&-line parsing enabled.
**MLPUAV-SPIE_V1.tex
(./MLPUAV-SPIE_V1.tex
LaTeX2e <2024-11-01> patch level 2
L3 programming layer <2025-01-18>
(/usr/local/texlive/2025/texmf-dist/tex/latex/base/article.cls
Document Class: article 2024/06/29 v1.4n Standard LaTeX document class
(/usr/local/texlive/2025/texmf-dist/tex/latex/base/size10.clo
File: size10.clo 2024/06/29 v1.4n Standard LaTeX file (size option)
)
\c@part=\count196
\c@section=\count197
\c@subsection=\count198
\c@subsubsection=\count199
\c@paragraph=\count266
\c@subparagraph=\count267
\c@figure=\count268
\c@table=\count269
\abovecaptionskip=\skip49
\belowcaptionskip=\skip50
\bibindent=\dimen141
)
(/usr/local/texlive/2025/texmf-dist/tex/latex/base/inputenc.sty
Package: inputenc 2024/02/08 v1.3d Input encoding file
\inpenc@prehook=\toks17
\inpenc@posthook=\toks18
)
(/usr/local/texlive/2025/texmf-dist/tex/latex/graphics/graphicx.sty
Package: graphicx 2021/09/16 v1.2d Enhanced LaTeX Graphics (DPC,SPQR)

(/usr/local/texlive/2025/texmf-dist/tex/latex/graphics/keyval.sty
Package: keyval 2022/05/29 v1.15 key=value parser (DPC)
\KV@toks@=\toks19
)
(/usr/local/texlive/2025/texmf-dist/tex/latex/graphics/graphics.sty
Package: graphics 2024/08/06 v1.4g Standard LaTeX Graphics (DPC,SPQR)

(/usr/local/texlive/2025/texmf-dist/tex/latex/graphics/trig.sty
Package: trig 2023/12/02 v1.11 sin cos tan (DPC)
)
(/usr/local/texlive/2025/texmf-dist/tex/latex/graphics-cfg/graphics.cfg
File: graphics.cfg 2016/06/04 v1.11 sample graphics configuration
)
Package graphics Info: Driver file: pdftex.def on input line 106.

(/usr/local/texlive/2025/texmf-dist/tex/latex/graphics-def/pdftex.def
File: pdftex.def 2024/04/13 v1.2c Graphics/color driver for pdftex
))
\Gin@req@height=\dimen142
\Gin@req@width=\dimen143
)
(/usr/local/texlive/2025/texmf-dist/tex/latex/caption/caption.sty
Package: caption 2023/08/05 v3.6o Customizing captions (AR)

(/usr/local/texlive/2025/texmf-dist/tex/latex/caption/caption3.sty
Package: caption3 2023/07/31 v2.4d caption3 kernel (AR)
\caption@tempdima=\dimen144
\captionmargin=\dimen145
\caption@leftmargin=\dimen146
\caption@rightmargin=\dimen147
\caption@width=\dimen148
\caption@indent=\dimen149
\caption@parindent=\dimen150
\caption@hangindent=\dimen151
Package caption Info: Standard document class detected.
)
\c@caption@flags=\count270
\c@continuedfloat=\count271
)
(/usr/local/texlive/2025/texmf-dist/tex/latex/float/float.sty
Package: float 2001/11/08 v1.3d Float enhancements (AL)
\c@float@type=\count272
\float@exts=\toks20
\float@box=\box52
\@float@everytoks=\toks21
\@floatcapt=\box53
)
(/usr/local/texlive/2025/texmf-dist/tex/latex/l3backend/l3backend-pdftex.def
File: l3backend-pdftex.def 2024-05-08 L3 backend support: PDF output (pdfTeX)
\l__color_backend_stack_int=\count273
\l__pdf_internal_box=\box54
)
(./MLPUAV-SPIE_V1.aux)
\openout1 = `MLPUAV-SPIE_V1.aux'.

LaTeX Font Info:    Checking defaults for OML/cmm/m/it on input line 11.
LaTeX Font Info:    ... okay on input line 11.
LaTeX Font Info:    Checking defaults for OMS/cmsy/m/n on input line 11.
LaTeX Font Info:    ... okay on input line 11.
LaTeX Font Info:    Checking defaults for OT1/cmr/m/n on input line 11.
LaTeX Font Info:    ... okay on input line 11.
LaTeX Font Info:    Checking defaults for T1/cmr/m/n on input line 11.
LaTeX Font Info:    ... okay on input line 11.
LaTeX Font Info:    Checking defaults for TS1/cmr/m/n on input line 11.
LaTeX Font Info:    ... okay on input line 11.
LaTeX Font Info:    Checking defaults for OMX/cmex/m/n on input line 11.
LaTeX Font Info:    ... okay on input line 11.
LaTeX Font Info:    Checking defaults for U/cmr/m/n on input line 11.
LaTeX Font Info:    ... okay on input line 11.

(/usr/local/texlive/2025/texmf-dist/tex/context/base/mkii/supp-pdf.mkii
[Loading MPS to PDF converter (version 2006.09.02).]
\scratchcounter=\count274
\scratchdimen=\dimen152
\scratchbox=\box55
\nofMPsegments=\count275
\nofMParguments=\count276
\everyMPshowfont=\toks22
\MPscratchCnt=\count277
\MPscratchDim=\dimen153
\MPnumerator=\count278
\makeMPintoPDFobject=\count279
\everyMPtoPDFconversion=\toks23
) (/usr/local/texlive/2025/texmf-dist/tex/latex/epstopdf-pkg/epstopdf-base.sty
Package: epstopdf-base 2020-01-24 v2.11 Base part for package epstopdf
Package epstopdf-base Info: Redefining graphics rule for `.eps' on input line 4
85.

(/usr/local/texlive/2025/texmf-dist/tex/latex/latexconfig/epstopdf-sys.cfg
File: epstopdf-sys.cfg 2010/07/13 v1.3 Configuration of (r)epstopdf for TeX Liv
e
))
Package caption Info: Begin \AtBeginDocument code.
Package caption Info: float package is loaded.
Package caption Info: End \AtBeginDocument code.
LaTeX Font Info:    External font `cmex10' loaded for size
(Font)              <12> on input line 13.
LaTeX Font Info:    External font `cmex10' loaded for size
(Font)              <8> on input line 13.
LaTeX Font Info:    External font `cmex10' loaded for size
(Font)              <6> on input line 13.
<figures/Figure1_Drone.jpg, id=1, 4015.0pt x 3011.25pt>
File: figures/Figure1_Drone.jpg Graphic file (type jpg)
<use figures/Figure1_Drone.jpg>
Package pdftex.def Info: figures/Figure1_Drone.jpg  used on input line 23.
(pdftex.def)             Requested size: 361.34999pt x 271.00081pt.

Overfull \hbox (16.34999pt too wide) in paragraph at lines 23--24
 [][] 
 []

<figures/Figure2_EPM.png, id=2, 393.47pt x 314.67563pt>
File: figures/Figure2_EPM.png Graphic file (type png)
<use figures/Figure2_EPM.png>
Package pdftex.def Info: figures/Figure2_EPM.png  used on input line 31.
(pdftex.def)             Requested size: 325.215pt x 260.08594pt.


[1

{/usr/local/texlive/2025/texmf-var/fonts/map/pdftex/updmap/pdftex.map} <./figur
es/Figure1_Drone.jpg>]
<figures/Figure3_3D_Trajectory.png, id=13, 467.5869pt x 473.6094pt>
File: figures/Figure3_3D_Trajectory.png Graphic file (type png)
<use figures/Figure3_3D_Trajectory.png>
Package pdftex.def Info: figures/Figure3_3D_Trajectory.png  used on input line 
42.
(pdftex.def)             Requested size: 433.62pt x 439.22365pt.

Overfull \hbox (88.62pt too wide) in paragraph at lines 42--43
 [][] 
 []



[2 <./figures/Figure2_EPM.png>]
<figures/Figure4_Error_Distribution.png, id=18, 609.477pt x 391.2216pt>
File: figures/Figure4_Error_Distribution.png Graphic file (type png)
<use figures/Figure4_Error_Distribution.png>
Package pdftex.def Info: figures/Figure4_Error_Distribution.png  used on input 
line 50.
(pdftex.def)             Requested size: 433.62pt x 278.34235pt.

Overfull \hbox (88.62pt too wide) in paragraph at lines 50--51
 [][] 
 []



[3 <./figures/Figure3_3D_Trajectory.png>]
<figures/Figure5_Scatter_Plots.png, id=23, 1293.633pt x 426.393pt>
File: figures/Figure5_Scatter_Plots.png Graphic file (type png)
<use figures/Figure5_Scatter_Plots.png>
Package pdftex.def Info: figures/Figure5_Scatter_Plots.png  used on input line 
58.
(pdftex.def)             Requested size: 469.75499pt x 154.83513pt.

Overfull \hbox (124.75499pt too wide) in paragraph at lines 58--59
 [][] 
 []

<figures/Figure6_Error_Over_Time.png, id=24, 721.4955pt x 391.2216pt>
File: figures/Figure6_Error_Over_Time.png Graphic file (type png)
<use figures/Figure6_Error_Over_Time.png>
Package pdftex.def Info: figures/Figure6_Error_Over_Time.png  used on input lin
e 66.
(pdftex.def)             Requested size: 469.75499pt x 254.7268pt.

Overfull \hbox (124.75499pt too wide) in paragraph at lines 66--67
 [][] 
 []



[4 <./figures/Figure4_Error_Distribution.png> <./figures/Figure5_Scatter_Plots.
png>]

[5 <./figures/Figure6_Error_Over_Time.png>] (./MLPUAV-SPIE_V1.aux)
 ***********
LaTeX2e <2024-11-01> patch level 2
L3 programming layer <2025-01-18>
 ***********
 ) 
Here is how much of TeX's memory you used:
 2792 strings out of 473190
 50793 string characters out of 5715801
 436596 words of memory out of 5000000
 26070 multiletter control sequences out of 15000+600000
 562477 words of font info for 48 fonts, out of 8000000 for 9000
 1141 hyphenation exceptions out of 8191
 57i,6n,65p,318b,297s stack positions out of 10000i,1000n,20000p,200000b,200000s
</usr/local/texlive/2025/texmf-dist/fonts/type1/public/amsfonts/cm/cmbx12.pfb
></usr/local/texlive/2025/texmf-dist/fonts/type1/public/amsfonts/cm/cmr10.pfb><
/usr/local/texlive/2025/texmf-dist/fonts/type1/public/amsfonts/cm/cmr12.pfb></u
sr/local/texlive/2025/texmf-dist/fonts/type1/public/amsfonts/cm/cmr17.pfb>
Output written on MLPUAV-SPIE_V1.pdf (5 pages, 3989602 bytes).
PDF statistics:
 52 PDF objects out of 1000 (max. 8388607)
 25 compressed objects within 1 object stream
 0 named destinations out of 1000 (max. 500000)
 31 words of extra memory for PDF output out of 10000 (max. 10000000)

